<?xml version="1.0" encoding="UTF-8"?>
<!-- Generated by org.testng.reporters.JUnitReportReporter -->
<testsuite skipped="0" hostname="LAPTOP-VA1S61KV" name="com.bridgelabz.selenium.test.TestCases" tests="1" failures="0" timestamp="2021-05-28T16:31:28 IST" time="6.776" errors="0">
  <testcase name="search_Item" time="6.776" classname="com.bridgelabz.selenium.test.TestCases"/>
  <system-out/>
</testsuite> <!-- com.bridgelabz.selenium.test.TestCases -->
